<?xml version="1.0" encoding="UTF-8"?>
<!-- Generated by org.testng.reporters.JUnitReportReporter -->
<testsuite hostname="DESKTOP-07V1HVL" failures="0" tests="3" name="practice.DataProviderPractice" time="0.016" errors="0" timestamp="2023-10-26T11:09:45 IST" skipped="0">
  <testcase classname="practice.DataProviderPractice" name="readData" time="0.001"/>
  <system-out/>
  <testcase classname="practice.DataProviderPractice" name="readData" time="0.013"/>
  <system-out/>
  <testcase classname="practice.DataProviderPractice" name="readData" time="0.002"/>
  <system-out/>
</testsuite> <!-- practice.DataProviderPractice -->
