<?xml version="1.0" encoding="UTF-8"?>
<!-- Generated by org.testng.reporters.JUnitReportReporter -->
<testsuite hostname="DESKTOP-07V1HVL" failures="0" tests="1" name="organizationTests.CreateOrgWithIndTestBC" time="24.229" errors="0" timestamp="2023-10-30T13:10:17 IST" skipped="0">
  <testcase classname="organizationTests.CreateOrgWithIndTestBC" name="CreateOrgWithIndTestBC" time="24.229"/>
</testsuite> <!-- organizationTests.CreateOrgWithIndTestBC -->
