<?xml version="1.0" encoding="UTF-8"?>
<!-- Generated by org.testng.reporters.JUnitReportReporter -->
<testsuite hostname="DESKTOP-07V1HVL" failures="0" tests="1" name="practice.AssertPractice" time="0.042" errors="0" timestamp="2023-10-30T11:31:40 IST" skipped="0">
  <testcase classname="practice.AssertPractice" name="SoftAssertPractice" time="0.042"/>
</testsuite> <!-- practice.AssertPractice -->
