<?xml version="1.0" encoding="UTF-8"?>
<!-- Generated by org.testng.reporters.JUnitReportReporter -->
<testsuite hostname="DESKTOP-07V1HVL" failures="0" tests="1" name="organizationTests.CreateOrgWithIndAndTypTestBC" time="26.528" errors="0" timestamp="2023-10-30T13:05:59 IST" skipped="0">
  <testcase classname="organizationTests.CreateOrgWithIndAndTypTestBC" name="CreateOrgWithIndAndTypTestBC" time="26.528"/>
</testsuite> <!-- organizationTests.CreateOrgWithIndAndTypTestBC -->
