<?xml version="1.0" encoding="UTF-8"?>
<!-- Generated by org.testng.reporters.JUnitReportReporter -->
<testsuite hostname="DESKTOP-07V1HVL" failures="0" tests="1" name="contactTests.CreateContactTest" time="89.034" errors="0" timestamp="2023-10-19T11:52:20 IST" skipped="0">
  <testcase classname="contactTests.CreateContactTest" name="CreateNewContactTest" time="89.034"/>
  <system-out/>
</testsuite> <!-- contactTests.CreateContactTest -->
